<?xml version="1.0" encoding="UTF-8"?>
<!-- Generated by org.testng.reporters.JUnitXMLReporter -->
<testsuite hostname="C02RK05GG8WL" ignored="0" name="Default test" tests="4" failures="0" timestamp="24 Mar 2022 03:54:26 GMT" time="26.179" errors="0">
  <testcase name="Login_WebOrder" time="1.339" classname="com.springernature.WebTableE2E_Scenario"/>
  <testcase name="CreateOrder_UpdateOrder_DeleteOrder" time="4.355" classname="com.springernature.WebTableE2E_Scenario"/>
  <testcase name="Update_Order" time="6.204" classname="com.springernature.WebTableE2E_Scenario"/>
  <testcase name="Delet_order" time="5.425" classname="com.springernature.WebTableE2E_Scenario"/>
</testsuite> <!-- Default test -->
